INFO:root:Getting data
DEBUG:urllib3.connectionpool:Starting new HTTPS connection (1): claroty.com:443
DEBUG:urllib3.connectionpool:https://claroty.com:443 "GET /team82/research/ HTTP/1.1" 200 None
DEBUG:urllib3.connectionpool:Starting new HTTPS connection (1): www.cisa.gov:443
DEBUG:urllib3.connectionpool:https://www.cisa.gov:443 "GET /news-events/cybersecurity-advisories HTTP/1.1" 200 16098
DEBUG:urllib3.connectionpool:Starting new HTTPS connection (1): www.cisa.gov:443
DEBUG:urllib3.connectionpool:https://www.cisa.gov:443 "GET /news-events/cybersecurity-advisories/ HTTP/1.1" 301 474
DEBUG:urllib3.connectionpool:https://www.cisa.gov:443 "GET /news-events/cybersecurity-advisories HTTP/1.1" 200 16098
DEBUG:urllib3.connectionpool:Starting new HTTPS connection (1): cert.europa.eu:443
DEBUG:urllib3.connectionpool:https://cert.europa.eu:443 "GET /publications/security-advisories/ HTTP/1.1" 301 263
DEBUG:urllib3.connectionpool:https://cert.europa.eu:443 "GET /publications/security-advisories/2023 HTTP/1.1" 200 67636
DEBUG:urllib3.connectionpool:Starting new HTTPS connection (1): www.tenable.com:443
DEBUG:urllib3.connectionpool:https://www.tenable.com:443 "GET /security/research HTTP/1.1" 200 None
DEBUG:urllib3.connectionpool:Starting new HTTPS connection (1): srcincite.io:443
DEBUG:urllib3.connectionpool:https://srcincite.io:443 "GET /blog/ HTTP/1.1" 200 None
DEBUG:urllib3.connectionpool:Starting new HTTPS connection (1): doar-e.github.io:443
DEBUG:urllib3.connectionpool:https://doar-e.github.io:443 "GET /index.html HTTP/1.1" 200 5321
DEBUG:urllib3.connectionpool:Starting new HTTPS connection (1): www.zerodayinitiative.com:443
DEBUG:urllib3.connectionpool:https://www.zerodayinitiative.com:443 "GET /advisories/published HTTP/1.1" 301 0
DEBUG:urllib3.connectionpool:https://www.zerodayinitiative.com:443 "GET /advisories/published/ HTTP/1.1" 200 None
DEBUG:urllib3.connectionpool:Starting new HTTPS connection (1): chemical-facility-security-news.blogspot.com:443
DEBUG:urllib3.connectionpool:https://chemical-facility-security-news.blogspot.com:443 "GET / HTTP/1.1" 200 None
DEBUG:urllib3.connectionpool:Starting new HTTPS connection (1): talosintelligence.com:443
DEBUG:urllib3.connectionpool:https://talosintelligence.com:443 "GET /vulnerability_reports HTTP/1.1" 200 None
DEBUG:urllib3.connectionpool:Starting new HTTPS connection (1): cert.vde.com:443
DEBUG:urllib3.connectionpool:https://cert.vde.com:443 "GET /en/advisories HTTP/1.1" 301 0
DEBUG:urllib3.connectionpool:https://cert.vde.com:443 "GET /en/advisories/ HTTP/1.1" 200 None
DEBUG:urllib3.connectionpool:Starting new HTTPS connection (1): www.zeroscience.mk:443
DEBUG:urllib3.connectionpool:https://www.zeroscience.mk:443 "GET /en/vulnerabilities HTTP/1.1" 301 254
DEBUG:urllib3.connectionpool:https://www.zeroscience.mk:443 "GET /en/vulnerabilities/ HTTP/1.1" 200 None
DEBUG:urllib3.connectionpool:Starting new HTTPS connection (1): research.nccgroup.com:443
DEBUG:urllib3.connectionpool:https://research.nccgroup.com:443 "GET /category/technical-advisory/ HTTP/1.1" 200 None
DEBUG:urllib3.connectionpool:Starting new HTTPS connection (1): ssd-disclosure.com:443
DEBUG:urllib3.connectionpool:https://ssd-disclosure.com:443 "GET /advisories/ HTTP/1.1" 200 None
DEBUG:urllib3.connectionpool:Starting new HTTPS connection (1): awesec.com:443
DEBUG:urllib3.connectionpool:https://awesec.com:443 "GET /advisories.html HTTP/1.1" 200 5544
DEBUG:urllib3.connectionpool:Starting new HTTPS connection (1): www.nozominetworks.com:443
DEBUG:urllib3.connectionpool:https://www.nozominetworks.com:443 "GET /labs/labs-blogs/ HTTP/1.1" 200 66461
DEBUG:urllib3.connectionpool:Starting new HTTPS connection (1): www.armis.com:443
DEBUG:urllib3.connectionpool:https://www.armis.com:443 "GET /armis-research/ HTTP/1.1" 200 None
DEBUG:urllib3.connectionpool:Starting new HTTPS connection (1): research.checkpoint.com:443
DEBUG:urllib3.connectionpool:https://research.checkpoint.com:443 "GET /feed/ HTTP/1.1" 403 None
DEBUG:urllib3.connectionpool:Starting new HTTPS connection (1): blog.neodyme.io:443
DEBUG:urllib3.connectionpool:https://blog.neodyme.io:443 "GET / HTTP/1.1" 301 0
DEBUG:urllib3.connectionpool:Starting new HTTPS connection (1): neodyme.io:443
DEBUG:urllib3.connectionpool:https://neodyme.io:443 "GET /blog/ HTTP/1.1" 200 33023
DEBUG:urllib3.connectionpool:Starting new HTTPS connection (1): blog.viettelcybersecurity.com:443
DEBUG:urllib3.connectionpool:https://blog.viettelcybersecurity.com:443 "GET / HTTP/1.1" 200 None
DEBUG:urllib3.connectionpool:Starting new HTTPS connection (1): starlabs.sg:443
DEBUG:urllib3.connectionpool:https://starlabs.sg:443 "GET /blog/ HTTP/1.1" 200 None
DEBUG:urllib3.connectionpool:Starting new HTTPS connection (1): www.seebug.org:443
DEBUG:urllib3.connectionpool:https://www.seebug.org:443 "GET /rss/new/ HTTP/1.1" 200 None
DEBUG:chardet.charsetprober:utf-8  confidence = 0.99
DEBUG:chardet.charsetprober:SHIFT_JIS Japanese confidence = 0.01
DEBUG:chardet.charsetprober:EUC-JP Japanese confidence = 0.01
DEBUG:chardet.charsetprober:GB2312 Chinese confidence = 0.01
DEBUG:chardet.charsetprober:EUC-KR Korean confidence = 0.01
DEBUG:chardet.charsetprober:CP949 Korean confidence = 0.01
DEBUG:chardet.charsetprober:Big5 Chinese confidence = 0.01
DEBUG:chardet.charsetprober:EUC-TW Taiwan confidence = 0.01
DEBUG:chardet.charsetprober:windows-1251 Russian confidence = 0.01
DEBUG:chardet.charsetprober:KOI8-R Russian confidence = 0.01
DEBUG:chardet.charsetprober:ISO-8859-5 Russian confidence = 0.0
DEBUG:chardet.charsetprober:MacCyrillic Russian confidence = 0.0
DEBUG:chardet.charsetprober:IBM866 Russian confidence = 0.01826101624344437
DEBUG:chardet.charsetprober:IBM855 Russian confidence = 0.0
DEBUG:chardet.charsetprober:ISO-8859-7 Greek confidence = 0.0
DEBUG:chardet.charsetprober:windows-1253 Greek confidence = 0.0
DEBUG:chardet.charsetprober:ISO-8859-5 Bulgairan confidence = 0.0
DEBUG:chardet.charsetprober:windows-1251 Bulgarian confidence = 0.0
DEBUG:chardet.charsetprober:TIS-620 Thai confidence = 0.03334928306676637
DEBUG:chardet.charsetprober:ISO-8859-9 Turkish confidence = 0.4749014779706474
DEBUG:chardet.charsetprober:windows-1255 Hebrew confidence = 0.0
DEBUG:chardet.charsetprober:windows-1255 Hebrew confidence = 0.0
DEBUG:chardet.charsetprober:windows-1255 Hebrew confidence = 0.0
DEBUG:chardet.charsetprober:utf-8  confidence = 0.99
DEBUG:chardet.charsetprober:SHIFT_JIS Japanese confidence = 0.01
DEBUG:chardet.charsetprober:EUC-JP Japanese confidence = 0.01
DEBUG:chardet.charsetprober:GB2312 Chinese confidence = 0.01
DEBUG:chardet.charsetprober:EUC-KR Korean confidence = 0.01
DEBUG:chardet.charsetprober:CP949 Korean confidence = 0.01
DEBUG:chardet.charsetprober:Big5 Chinese confidence = 0.01
DEBUG:chardet.charsetprober:EUC-TW Taiwan confidence = 0.01
DEBUG:urllib3.connectionpool:Starting new HTTPS connection (1): www.forescout.com:443
DEBUG:urllib3.connectionpool:https://www.forescout.com:443 "GET /research-labs-overview/ HTTP/1.1" 200 None
